C51 COMPILER V9.60.7.0   LCD1602                                                           09/19/2024 22:17:58 PAGE 1   


C51 COMPILER V9.60.7.0, COMPILATION OF MODULE LCD1602
OBJECT MODULE PLACED IN .\Objects\LCD1602.obj
COMPILER INVOKED BY: D:\KEILC51\C51\BIN\C51.EXE LCD1602.c OPTIMIZE(8,SPEED) BROWSE DEBUG OBJECTEXTEND PRINT(.\Listings\L
                    -CD1602.lst) OBJECT(.\Objects\LCD1602.obj)

line level    source

   1          #include <REGX52.H>
   2          
   3          // å¼•è„šå®šä¹‰
   4          sbit DS1302_SCLK = P3^6;
   5          sbit DS1302_IO = P3^4;
   6          sbit DS1302_CE = P3^5;
   7          
   8          // å¯„å­˜å™¨å†™å…¥åœ°å€/æŒ‡ä»¤å®šä¹‰
   9          #define DS1302_SECOND  0x80
  10          #define DS1302_MINUTE  0x82
  11          #define DS1302_HOUR    0x84
  12          #define DS1302_DATE    0x86
  13          #define DS1302_MONTH   0x88
  14          #define DS1302_DAY     0x8A
  15          #define DS1302_YEAR    0x8C
  16          #define DS1302_WP      0x8E
  17          
  18          // æ—¶é—´æ•°ç»„ï¼Œç´¢å¼•0~6åˆ†åˆ«ä¸ºå¹´ã€æœˆã€æ—¥ã€æ—¶ã€åˆ†ã€ç§’ã€æ˜ŸæœŸ
  19          unsigned char DS1302_Time[] = {19, 11, 16, 12, 59, 55, 6};
  20          
  21          /**
  22            * @brief  DS1302åˆå§‹åŒ–
  23            * @param  æ— 
  24            * @retval æ— 
  25            */
  26          void DS1302_Init(void)
  27          {
  28   1          DS1302_CE = 0;
  29   1          DS1302_SCLK = 0;
  30   1      }
  31          
  32          /**
  33            * @brief  DS1302å†™ä¸€ä¸ªå­—èŠ‚
  34            * @param  Command å‘½ä»¤å­—/åœ°å€
  35            * @param  Data è¦å†™å…¥çš„æ•°æ®
  36            * @retval æ— 
  37            */
  38          void DS1302_WriteByte(unsigned char Command, unsigned char Data)
  39          {
  40   1          unsigned char i;
  41   1          DS1302_CE = 1;
  42   1          for (i = 0; i < 8; i++)
  43   1          {
  44   2              DS1302_IO = Command & (0x01 << i);
  45   2              DS1302_SCLK = 1;
  46   2              DS1302_SCLK = 0;
  47   2          }
  48   1          for (i = 0; i < 8; i++)
  49   1          {
  50   2              DS1302_IO = Data & (0x01 << i);
  51   2              DS1302_SCLK = 1;
  52   2              DS1302_SCLK = 0;
  53   2          }
  54   1          DS1302_CE = 0;
C51 COMPILER V9.60.7.0   LCD1602                                                           09/19/2024 22:17:58 PAGE 2   

  55   1      }
  56          
  57          /**
  58            * @brief  DS1302è¯»ä¸€ä¸ªå­—èŠ‚
  59            * @param  Command å‘½ä»¤å­—/åœ°å€
  60            * @retval è¯»å‡ºçš„æ•°æ®
  61            */
  62          unsigned char DS1302_ReadByte(unsigned char Command)
  63          {
  64   1          unsigned char i, Data = 0x00;
  65   1          Command |= 0x01;  // å°†æŒ‡ä»¤è½¬æ¢ä¸ºè¯»æŒ‡ä»¤
  66   1          DS1302_CE = 1;
  67   1          for (i = 0; i < 8; i++)
  68   1          {
  69   2              DS1302_IO = Command & (0x01 << i);
  70   2              DS1302_SCLK = 0;
  71   2              DS1302_SCLK = 1;
  72   2          }
  73   1          for (i = 0; i < 8; i++)
  74   1          {
  75   2              DS1302_SCLK = 1;
  76   2              DS1302_SCLK = 0;
  77   2              if (DS1302_IO)
  78   2              {
  79   3                  Data |= (0x01 << i);
  80   3              }
  81   2          }
  82   1          DS1302_CE = 0;
  83   1          DS1302_IO = 0;  // è¯»å–åå°†IOè®¾ç½®ä¸º0ï¼Œå¦åˆ™è¯»å‡ºçš„æ•°æ®ä¼šå‡ºé”™
  84   1          return Data;
  85   1      }
  86          
  87          /**
  88            * @brief  DS1302è®¾ç½®æ—¶é—´ï¼Œè°ƒç”¨ä¹‹åï¼ŒDS1302_Timeæ•°ç»„çš„æ•°å­—ä¼šè¢«è®¾ç½®åˆ°DS1302ä¸­
  89            * @param  æ— 
  90            * @retval æ— 
  91            */
  92          void DS1302_SetTime(void)
  93          {
  94   1          DS1302_WriteByte(DS1302_WP, 0x00);
  95   1          DS1302_WriteByte(DS1302_YEAR, DS1302_Time[0] / 10 * 16 + DS1302_Time[0] % 10);  // åè¿›åˆ¶è½¬BCDç å
             -å†™å…¥
  96   1          DS1302_WriteByte(DS1302_MONTH, DS1302_Time[1] / 10 * 16 + DS1302_Time[1] % 10);
  97   1          DS1302_WriteByte(DS1302_DATE, DS1302_Time[2] / 10 * 16 + DS1302_Time[2] % 10);
  98   1          DS1302_WriteByte(DS1302_HOUR, DS1302_Time[3] / 10 * 16 + DS1302_Time[3] % 10);
  99   1          DS1302_WriteByte(DS1302_MINUTE, DS1302_Time[4] / 10 * 16 + DS1302_Time[4] % 10);
 100   1          DS1302_WriteByte(DS1302_SECOND, DS1302_Time[5] / 10 * 16 + DS1302_Time[5] % 10);
 101   1          DS1302_WriteByte(DS1302_DAY, DS1302_Time[6] / 10 * 16 + DS1302_Time[6] % 10);
 102   1          DS1302_WriteByte(DS1302_WP, 0x80);
 103   1      }
 104          
 105          /**
 106            * @brief  DS1302è¯»å–æ—¶é—´ï¼Œè°ƒç”¨ä¹‹åï¼ŒDS1302ä¸­çš„æ•°æ®ä¼šè¢«è¯»å–åˆ°DS1302_Timeæ•°ç»„ä¸­
 107            * @param  æ— 
 108            * @retval æ— 
 109            */
 110          void DS1302_ReadTime(void)
 111          {
 112   1          unsigned char Temp;
 113   1          Temp = DS1302_ReadByte(DS1302_YEAR);
 114   1          DS1302_Time[0] = Temp / 16 * 10 + Temp % 16;  // BCDç è½¬åè¿›åˆ¶åè¯»å–
 115   1          Temp = DS1302_ReadByte(DS1302_MONTH);
C51 COMPILER V9.60.7.0   LCD1602                                                           09/19/2024 22:17:58 PAGE 3   

 116   1          DS1302_Time[1] = Temp / 16 * 10 + Temp % 16;
 117   1          Temp = DS1302_ReadByte(DS1302_DATE);
 118   1          DS1302_Time[2] = Temp / 16 * 10 + Temp % 16;
 119   1          Temp = DS1302_ReadByte(DS1302_HOUR);
 120   1          DS1302_Time[3] = Temp / 16 * 10 + Temp % 16;
 121   1          Temp = DS1302_ReadByte(DS1302_MINUTE);
 122   1          DS1302_Time[4] = Temp / 16 * 10 + Temp % 16;
 123   1          Temp = DS1302_ReadByte(DS1302_SECOND);
 124   1          DS1302_Time[5] = Temp / 16 * 10 + Temp % 16;
 125   1          Temp = DS1302_ReadByte(DS1302_DAY);
 126   1          DS1302_Time[6] = Temp / 16 * 10 + Temp % 16;
 127   1      }


MODULE INFORMATION:   STATIC OVERLAYABLE
   CODE SIZE        =    491    ----
   CONSTANT SIZE    =   ----    ----
   XDATA SIZE       =   ----    ----
   PDATA SIZE       =   ----    ----
   DATA SIZE        =      7    ----
   IDATA SIZE       =   ----    ----
   BIT SIZE         =   ----    ----
END OF MODULE INFORMATION.


C51 COMPILATION COMPLETE.  0 WARNING(S),  0 ERROR(S)
