C51 COMPILER V9.60.7.0   MAIN                                                              09/19/2024 22:17:58 PAGE 1   


C51 COMPILER V9.60.7.0, COMPILATION OF MODULE MAIN
OBJECT MODULE PLACED IN .\Objects\main.obj
COMPILER INVOKED BY: D:\KEILC51\C51\BIN\C51.EXE main.c OPTIMIZE(8,SPEED) BROWSE DEBUG OBJECTEXTEND PRINT(.\Listings\main
                    -.lst) OBJECT(.\Objects\main.obj)

line level    source

   1          #include <REGX52.H>
   2          #include "DS1302.h"
   3          #include "LCD1602.h"
   4          #include "Delay.h"
   5          unsigned char second;
   6          void main()
   7          {
   8   1          LCD_Init();
   9   1          DS1302_Init();
  10   1          LCD_ShowString(1, 0, "DS1302 Test");
  11   1              DS1302_WriteByte(0x80, 0x03);
  12   1              second = DS1302_ReadByte(0x81);
  13   1              LCD_ShowNum(2, 2, second,5);
  14   1              LCD_ShowNum(2,10,45,2);
  15   1              while (1)
  16   1              {
  17   2                      
  18   2              }
  19   1      }


MODULE INFORMATION:   STATIC OVERLAYABLE
   CODE SIZE        =     65    ----
   CONSTANT SIZE    =     12    ----
   XDATA SIZE       =   ----    ----
   PDATA SIZE       =   ----    ----
   DATA SIZE        =      1    ----
   IDATA SIZE       =   ----    ----
   BIT SIZE         =   ----    ----
END OF MODULE INFORMATION.


C51 COMPILATION COMPLETE.  0 WARNING(S),  0 ERROR(S)
