C51 COMPILER V9.60.7.0   KEY                                                               09/22/2024 20:05:16 PAGE 1   


C51 COMPILER V9.60.7.0, COMPILATION OF MODULE KEY
OBJECT MODULE PLACED IN .\Objects\Key.obj
COMPILER INVOKED BY: D:\KEILC51\C51\BIN\C51.EXE Key.c OPTIMIZE(8,SPEED) BROWSE DEBUG OBJECTEXTEND PRINT(.\Listings\Key.l
                    -st) OBJECT(.\Objects\Key.obj)

line level    source

   1           #include <REGX52.H>
   2           #include "Delay.h"
   3          
   4           /**
   5             * @brief  è·å–ç‹¬ç«‹æŒ‰é”®é”®ç 
   6             * @param  æ— 
   7             * @retval æŒ‰ä¸‹æŒ‰é”®çš„é”®ç ï¼ŒèŒƒå›´ï¼š0~4ï¼Œæ— æŒ‰é”®æŒ‰ä¸‹æ—¶è¿”å›å€¼ä¸º0
   8             */
   9          unsigned char Key()
  10          {
  11   1              unsigned char KeyNumber=0;
  12   1              
  13   1              if(P3_1==0){Delay(20);while(P3_1==0);Delay(20);KeyNumber=1;}
  14   1              if(P3_0==0){Delay(20);while(P3_0==0);Delay(20);KeyNumber=2;}
  15   1              if(P3_2==0){Delay(20);while(P3_2==0);Delay(20);KeyNumber=3;}
  16   1              if(P3_3==0){Delay(20);while(P3_3==0);Delay(20);KeyNumber=4;}
  17   1              
  18   1              return KeyNumber;
  19   1       }
  20          
  21           void Key_Loop(void)
  22           {
  23   1      
  24   1       }
  25          
  26          
  27          
  28          //#include <REGX52.H>
  29          //#include "Delay.h"
  30          
  31          //unsigned char Key_KeyNumber;
  32          
  33          ///**
  34          //  * @brief  è·å–æŒ‰é”®é”®ç 
  35          //  * @param  æ— 
  36          //  * @retval æŒ‰ä¸‹æŒ‰é”®çš„é”®ç ï¼ŒèŒƒå›´ï¼š0,1~4,0è¡¨ç¤ºæ— æŒ‰é”®æŒ‰ä¸‹
  37          //  */
  38          //unsigned char Key(void)
  39          //{
  40          //      unsigned char Temp=0;
  41          //      Temp=Key_KeyNumber;
  42          //      Key_KeyNumber=0;
  43          //      return Temp;
  44          //}
  45          
  46          ///**
  47          //  * @brief  è·å–å½“å‰æŒ‰é”®çš„çŠ¶æ€ï¼Œæ— æ¶ˆæŠ–åŠæ¾æ‰‹æ£€æµ‹
  48          //  * @param  æ— 
  49          //  * @retval æŒ‰ä¸‹æŒ‰é”®çš„é”®ç ï¼ŒèŒƒå›´ï¼š0,1~4,0è¡¨ç¤ºæ— æŒ‰é”®æŒ‰ä¸‹
  50          //  */
  51          //unsigned char Key_GetState()
  52          //{
  53          //      unsigned char KeyNumber=0;
  54          //      
C51 COMPILER V9.60.7.0   KEY                                                               09/22/2024 20:05:16 PAGE 2   

  55          //      if(P3_1==0){KeyNumber=1;}
  56          //      if(P3_0==0){KeyNumber=2;}
  57          //      if(P3_2==0){KeyNumber=3;}
  58          //      if(P3_3==0){KeyNumber=4;}
  59          //      
  60          //      return KeyNumber;
  61          //}
  62          
  63          ///**
  64          //  * @brief  æŒ‰é”®é©±åŠ¨å‡½æ•°ï¼Œåœ¨ä¸­æ–­ä¸­è°ƒç”¨
  65          //  * @param  æ— 
  66          //  * @retval æ— 
  67          //  */
  68          //void Key_Loop(void)
  69          //{
  70          //      static unsigned char NowState,LastState;
  71          //      LastState=NowState;                             //æŒ‰é”®çŠ¶æ€æ›´æ–°
  72          //      NowState=Key_GetState();                //è·å–å½“å‰æŒ‰é”®çŠ¶æ€
  73          //      //å¦‚æœä¸Šä¸ªæ—¶é—´ç‚¹æŒ‰é”®æŒ‰ä¸‹ï¼Œè¿™ä¸ªæ—¶é—´ç‚¹æœªæŒ‰ä¸‹ï¼Œåˆ™æ˜¯æ¾æ‰‹ç¬é—´ï¼Œä»¥æ­¤é¿å…æ¶ˆæŠ
             -–å’Œæ¾æ‰‹æ£€æµ‹
  74          //      if(LastState==1 && NowState==0)
  75          //      {
  76          //              Key_KeyNumber=1;
  77          //      }
  78          //      if(LastState==2 && NowState==0)
  79          //      {
  80          //              Key_KeyNumber=2;
  81          //      }
  82          //      if(LastState==3 && NowState==0)
  83          //      {
  84          //              Key_KeyNumber=3;
  85          //      }
  86          //      if(LastState==4 && NowState==0)
  87          //      {
  88          //              Key_KeyNumber=4;
  89          //      }
  90          //}


MODULE INFORMATION:   STATIC OVERLAYABLE
   CODE SIZE        =     98    ----
   CONSTANT SIZE    =   ----    ----
   XDATA SIZE       =   ----    ----
   PDATA SIZE       =   ----    ----
   DATA SIZE        =   ----       1
   IDATA SIZE       =   ----    ----
   BIT SIZE         =   ----    ----
END OF MODULE INFORMATION.


C51 COMPILATION COMPLETE.  0 WARNING(S),  0 ERROR(S)
