C51 COMPILER V9.60.7.0   MAIN                                                              09/22/2024 20:05:16 PAGE 1   


C51 COMPILER V9.60.7.0, COMPILATION OF MODULE MAIN
OBJECT MODULE PLACED IN .\Objects\main.obj
COMPILER INVOKED BY: D:\KEILC51\C51\BIN\C51.EXE main.c OPTIMIZE(8,SPEED) BROWSE DEBUG OBJECTEXTEND PRINT(.\Listings\main
                    -.lst) OBJECT(.\Objects\main.obj)

line level    source

   1          #include <REGX52.H>
   2          #include "Delay.h"
   3          #include "Timer0.h"
   4          #include "Key.h"
   5          #include "Nixie.h"
   6          
   7          sbit DA = P2^1;
   8          unsigned char Conuter,Compare;
   9          unsigned char KeyNum,i;
  10          
  11          void Timer0_ISR() interrupt 1
  12          {   
  13   1          TL0 = 0xA4;                         //设置定时初始值
  14   1          TH0 = 0xFF;                         //设置定时初始值
  15   1              Conuter++;
  16   1              Conuter%=100;
  17   1              if(Conuter < Compare)
  18   1              {
  19   2                      DA =1;
  20   2              }
  21   1              else
  22   1              {
  23   2                      DA =0;
  24   2              }
  25   1      }
  26                    
  27          void main()
  28          {
  29   1              Timer0_Init();
*** WARNING C206 IN LINE 29 OF main.c: 'Timer0_Init': missing function-prototype
  30   1              while(1)
  31   1              {
  32   2                      for(i=0;i<100;i++)
  33   2                      {
  34   3                              Compare=i;
  35   3                              Delay(20);
  36   3                      }
  37   2                      for (i=100;i>0;i--)
  38   2                      {
  39   3                              Compare=i;
  40   3                              Delay(20);
  41   3                      }
  42   2              }
  43   1      }


MODULE INFORMATION:   STATIC OVERLAYABLE
   CODE SIZE        =     92    ----
   CONSTANT SIZE    =   ----    ----
   XDATA SIZE       =   ----    ----
   PDATA SIZE       =   ----    ----
   DATA SIZE        =      4    ----
   IDATA SIZE       =   ----    ----
   BIT SIZE         =   ----    ----
C51 COMPILER V9.60.7.0   MAIN                                                              09/22/2024 20:05:16 PAGE 2   

END OF MODULE INFORMATION.


C51 COMPILATION COMPLETE.  1 WARNING(S),  0 ERROR(S)
