C51 COMPILER V9.60.7.0   I2C                                                               09/22/2024 03:24:55 PAGE 1   


C51 COMPILER V9.60.7.0, COMPILATION OF MODULE I2C
OBJECT MODULE PLACED IN .\Objects\I2C.obj
COMPILER INVOKED BY: D:\KEILC51\C51\BIN\C51.EXE I2C.c OPTIMIZE(8,SPEED) BROWSE DEBUG OBJECTEXTEND PRINT(.\Listings\I2C.l
                    -st) OBJECT(.\Objects\I2C.obj)

line level    source

   1          #include <REGX52.H>
   2          
   3          sbit I2C_SCL=P2^1;
   4          sbit I2C_SDA=P2^0;
   5          
   6          void I2C_Start(void)
   7          {
   8   1          I2C_SDA=1;
   9   1          I2C_SCL=1;
  10   1          I2C_SDA=0;
  11   1          I2C_SCL=0;
  12   1      }
  13          
  14          void I2C_Stop(void)
  15          {
  16   1          I2C_SDA=0;
  17   1          I2C_SCL=1;
  18   1          I2C_SDA=1;
  19   1      }
  20          
  21          void I2C_SendByte(unsigned char Byte)
  22          {
  23   1              unsigned char i;
  24   1              for(i=0;i<8;i++)
  25   1              {
  26   2                      I2C_SDA=Byte&(0x80>>i);
  27   2                      I2C_SCL=1;
  28   2                      I2C_SCL=0;
  29   2              }
  30   1      } 
  31          
  32          unsigned char I2C_ReceiveByte(void)
  33          {
  34   1          unsigned char i;
  35   1          unsigned char Byte=0;
  36   1          I2C_SDA=1;      //释放主线
  37   1          for (i=0;i<8;i++)
  38   1          {
  39   2              I2C_SCL=1;
  40   2              if(I2C_SDA==1){Byte|=0x80>>i;}
  41   2              I2C_SCL=0;
  42   2          }
  43   1      
  44   1          return Byte;
  45   1      }
  46          
  47          void I2C_SendAck(unsigned char AckBit)
  48          {
  49   1          I2C_SDA=AckBit;
  50   1          I2C_SCL=1;
  51   1          I2C_SCL=0;
  52   1      }
  53          
  54          unsigned char I2C_ReceiveAck(void)
C51 COMPILER V9.60.7.0   I2C                                                               09/22/2024 03:24:55 PAGE 2   

  55          {
  56   1          unsigned char AckBit;
  57   1          I2C_SDA=1;
  58   1          I2C_SCL=1;
  59   1          AckBit=I2C_SDA;
  60   1          I2C_SCL=0;
  61   1          return AckBit;
  62   1      }


MODULE INFORMATION:   STATIC OVERLAYABLE
   CODE SIZE        =    109    ----
   CONSTANT SIZE    =   ----    ----
   XDATA SIZE       =   ----    ----
   PDATA SIZE       =   ----    ----
   DATA SIZE        =   ----    ----
   IDATA SIZE       =   ----    ----
   BIT SIZE         =   ----    ----
END OF MODULE INFORMATION.


C51 COMPILATION COMPLETE.  0 WARNING(S),  0 ERROR(S)
