C51 COMPILER V9.60.7.0   ONEWIRE                                                           09/22/2024 03:24:55 PAGE 1   


C51 COMPILER V9.60.7.0, COMPILATION OF MODULE ONEWIRE
OBJECT MODULE PLACED IN .\Objects\OneWire.obj
COMPILER INVOKED BY: D:\KEILC51\C51\BIN\C51.EXE OneWire.c OPTIMIZE(8,SPEED) BROWSE DEBUG OBJECTEXTEND PRINT(.\Listings\O
                    -neWire.lst) OBJECT(.\Objects\OneWire.obj)

line level    source

   1          #include <REGX52.H>
   2          
   3          sbit OneWire_DQ = P3^7;
   4          
   5          unsigned char OneWire_Init(void)
   6          {
   7   1              unsigned char i;
   8   1              unsigned char AckBit;
   9   1              OneWire_DQ = 1;
  10   1              OneWire_DQ = 0;
  11   1              i = 247;while (--i);            // delay 480us
  12   1              OneWire_DQ = 1;
  13   1              i = 32;while (--i);             // delay 64us
  14   1              AckBit = OneWire_DQ;
  15   1              i = 247;while (--i);            // delay 480us
  16   1              return AckBit;
  17   1      }
  18          
  19          
  20          void OneWire_SendBit(unsigned char Bit)
  21          {
  22   1              unsigned char i;
  23   1              OneWire_DQ = 0;
  24   1              i = 4;while (--i);              // delay 10us
  25   1              OneWire_DQ = Bit;
  26   1              i = 24;while (--i);             // delay 50us
  27   1              OneWire_DQ = 1;
  28   1      }
  29          
  30          
  31          unsigned char OneWire_ReceiveBit(void)
  32          {
  33   1              unsigned char i;
  34   1              unsigned char Bit;
  35   1              OneWire_DQ = 0;
  36   1              i = 2;while (--i);              // delay 5us
  37   1              OneWire_DQ = 1;
  38   1              i = 2;while (--i);              // delay 5us
  39   1              Bit = OneWire_DQ;
  40   1              i = 24;while (--i);             // delay 50us
  41   1              return Bit;
  42   1      }
  43          
  44          
  45          void OneWire_SendByte(unsigned char Byte)
  46          {
  47   1              unsigned char i;
  48   1              for(i = 0; i < 8; i++)
  49   1              {
  50   2                      OneWire_SendBit(Byte & (0x01 << i));
  51   2              }
  52   1      }
  53          
  54          
C51 COMPILER V9.60.7.0   ONEWIRE                                                           09/22/2024 03:24:55 PAGE 2   

  55          unsigned char OneWire_ReceiveByte(void)
  56          {
  57   1              unsigned char i;
  58   1              unsigned char Byte = 0x00;
  59   1              for(i = 0; i < 8; i++)
  60   1              {
  61   2                      if(OneWire_ReceiveBit())
  62   2                      {
  63   3                              Byte |= (0x01 << i);
  64   3                      }
  65   2              }
  66   1              return Byte;
  67   1      }


MODULE INFORMATION:   STATIC OVERLAYABLE
   CODE SIZE        =    122    ----
   CONSTANT SIZE    =   ----    ----
   XDATA SIZE       =   ----    ----
   PDATA SIZE       =   ----    ----
   DATA SIZE        =   ----    ----
   IDATA SIZE       =   ----    ----
   BIT SIZE         =   ----    ----
END OF MODULE INFORMATION.


C51 COMPILATION COMPLETE.  0 WARNING(S),  0 ERROR(S)
