C51 COMPILER V9.60.7.0   MAIN                                                              09/17/2024 20:04:29 PAGE 1   


C51 COMPILER V9.60.7.0, COMPILATION OF MODULE MAIN
OBJECT MODULE PLACED IN .\Objects\main.obj
COMPILER INVOKED BY: D:\KEILC51\C51\BIN\C51.EXE main.c OPTIMIZE(8,SPEED) BROWSE DEBUG OBJECTEXTEND PRINT(.\Listings\main
                    -.lst) OBJECT(.\Objects\main.obj)

line level    source

   1          #include <REGX52.H>
   2          #include "Delay.h"
   3          
   4          sbit RCK=P3^5;                  //RCLK
   5          sbit SCK=P3^6;                  //SRCLK
   6          sbit SER=P3^4;                  //SER
   7          
   8          #define MatrixLED_PORT P0
   9          
  10          /**
  11           * @brief 74HC595写入一个字节
  12           * @param Byte: 要写入的字节
  13           */
  14          void _74HC595_WriteByte(unsigned char Byte)
  15          {
  16   1              unsigned char i;
  17   1              for ( i = 0; i<8;i++)
  18   1              {
  19   2                      SER=Byte&(0x80>>i);             //通过&运算 取出Byte的某一位
  20   2                      SCK=1;                          //上升沿,移位
  21   2                      SCK=0;                          //置0
  22   2              }
  23   1              RCK=1;
  24   1              RCK=0;
  25   1      }
  26          /**
  27           * @brief 在点阵屏上显示某一列
  28           * @param Column: 列号 范围: 0-7
  29           * @param Data: 选择列显示的数据 , 高位在上 , 1为亮, 0为灭
  30           */
  31          void MatrixLED_ShowColumn(unsigned char Column,Data)
  32          //Column:列号
  33          //Data:数据
  34          {
  35   1              _74HC595_WriteByte(Data);
  36   1              MatrixLED_PORT=~(0x80>>Column);
  37   1              Delay(1);
  38   1              MatrixLED_PORT=0xFF;
  39   1      }
  40          void main()
  41          {
  42   1              SCK=0;                          //刚开始SCK都是1,为了复位 置0
  43   1              RCK=0;
  44   1              while(1)
  45   1              {
  46   2                      //8*8的点阵屏 一个实心的爱心图案
  47   2                      MatrixLED_ShowColumn(0,0x70);
  48   2                      MatrixLED_ShowColumn(1,0x88);
  49   2                      MatrixLED_ShowColumn(2,0x84);
  50   2                      MatrixLED_ShowColumn(3,0x42);
  51   2                      MatrixLED_ShowColumn(4,0x42);
  52   2                      MatrixLED_ShowColumn(5,0x84);
  53   2                      MatrixLED_ShowColumn(6,0x88);
  54   2                      MatrixLED_ShowColumn(7,0x70);
C51 COMPILER V9.60.7.0   MAIN                                                              09/17/2024 20:04:29 PAGE 2   

  55   2              }
  56   1      }


MODULE INFORMATION:   STATIC OVERLAYABLE
   CODE SIZE        =    157    ----
   CONSTANT SIZE    =   ----    ----
   XDATA SIZE       =   ----    ----
   PDATA SIZE       =   ----    ----
   DATA SIZE        =   ----    ----
   IDATA SIZE       =   ----    ----
   BIT SIZE         =   ----    ----
END OF MODULE INFORMATION.


C51 COMPILATION COMPLETE.  0 WARNING(S),  0 ERROR(S)
