C51 COMPILER V9.60.7.0   MAIN                                                              09/22/2024 19:49:25 PAGE 1   


C51 COMPILER V9.60.7.0, COMPILATION OF MODULE MAIN
OBJECT MODULE PLACED IN .\Objects\main.obj
COMPILER INVOKED BY: D:\KEILC51\C51\BIN\C51.EXE main.c OPTIMIZE(8,SPEED) BROWSE DEBUG OBJECTEXTEND PRINT(.\Listings\main
                    -.lst) OBJECT(.\Objects\main.obj)

line level    source

   1          #include <REGX52.H>
   2          #include "Delay.h"
   3          #include "LCD1602.h"
   4          #include "XPT2046.h"
   5          
   6          unsigned int ADValue;
   7          void main()
   8          {
   9   1              P1_1=0;
  10   1              LCD_Init();
  11   1              LCD_ShowString(1,1,"ADJ NTC RG");
  12   1              while(1)
  13   1              {
  14   2                      ADValue=XPT2046_ReadAD(XPT2046_XP);
  15   2                      Delay(20);
  16   2                      LCD_ShowNum(2,1,ADValue,4);
  17   2                      ADValue=XPT2046_ReadAD(XPT2046_YP);
  18   2                      Delay(20);
  19   2                      LCD_ShowNum(2,6,ADValue,4);
  20   2                      ADValue=XPT2046_ReadAD(XPT2046_VBAT);
  21   2                      Delay(20);
  22   2                      LCD_ShowNum(2,11,ADValue,4);
  23   2              }
  24   1      }


MODULE INFORMATION:   STATIC OVERLAYABLE
   CODE SIZE        =    110    ----
   CONSTANT SIZE    =     11    ----
   XDATA SIZE       =   ----    ----
   PDATA SIZE       =   ----    ----
   DATA SIZE        =      2    ----
   IDATA SIZE       =   ----    ----
   BIT SIZE         =   ----    ----
END OF MODULE INFORMATION.


C51 COMPILATION COMPLETE.  0 WARNING(S),  0 ERROR(S)
