C51 COMPILER V9.60.7.0   MAIN                                                              09/17/2024 03:57:20 PAGE 1   


C51 COMPILER V9.60.7.0, COMPILATION OF MODULE MAIN
OBJECT MODULE PLACED IN .\Objects\main.obj
COMPILER INVOKED BY: D:\KEILC51\C51\BIN\C51.EXE main.c OPTIMIZE(8,SPEED) BROWSE DEBUG OBJECTEXTEND PRINT(.\Listings\main
                    -.lst) OBJECT(.\Objects\main.obj)

line level    source

   1          #include <REGX52.H>
   2          #include "Delay.h"
   3          
   4          void UART_Init(void)    //4800bps@11.0592MHz
   5          {
   6   1              PCON |= 0x80;           //使能波特率倍速位SMOD
   7   1              SCON = 0x50;            //8位数据,可变波特率
   8   1              TMOD &= 0x0F;           //设置定时器模式
   9   1              TMOD |= 0x20;           //设置定时器模式
  10   1              TL1 = 0xF4;                     //设置定时初始值
  11   1              TH1 = 0xF4;                     //设置定时重载值
  12   1              ET1 = 0;                        //禁止定时器中断
  13   1              TR1 = 1;                        //定时器1开始计时
  14   1      //      EA=1;
  15   1      //      ES=1;
  16   1      } 
  17          
  18          void UART_SendByte(unsigned char Byte)
  19          {
  20   1              SBUF=Byte;
  21   1              while (TI == 0);
  22   1              TI=0;
  23   1      }
  24          
  25          //unsigned char receivedData = 0;               // 用于存储接收到的数据
  26          
  27          //void UART_ISR(void) interrupt 4               // 串口中断服务函数
  28          //{
  29          //      if (RI) // 检测接收中断标志位
  30          //      {
  31          //              RI = 0;                         // 清除接收中断标志位
  32          //              receivedData = SBUF;    // 从SBUF读取接收到的数据
  33          //              UART_SendByte(receivedData);    // 回传接收到的数据（可选）
  34          //      }
  35          //}
  36          
  37          unsigned char show;
  38          void main()
  39          {
  40   1              UART_Init();
  41   1              while(1)
  42   1              {
  43   2                      show+=1;
  44   2                      UART_SendByte(show);
  45   2                      Delay(1000);
  46   2              }
  47   1      }


MODULE INFORMATION:   STATIC OVERLAYABLE
   CODE SIZE        =     50    ----
   CONSTANT SIZE    =   ----    ----
   XDATA SIZE       =   ----    ----
   PDATA SIZE       =   ----    ----
C51 COMPILER V9.60.7.0   MAIN                                                              09/17/2024 03:57:20 PAGE 2   

   DATA SIZE        =      1    ----
   IDATA SIZE       =   ----    ----
   BIT SIZE         =   ----    ----
END OF MODULE INFORMATION.


C51 COMPILATION COMPLETE.  0 WARNING(S),  0 ERROR(S)
