C51 COMPILER V9.60.7.0   MAIN                                                              09/26/2024 14:03:45 PAGE 1   


C51 COMPILER V9.60.7.0, COMPILATION OF MODULE MAIN
OBJECT MODULE PLACED IN .\Objects\main.obj
COMPILER INVOKED BY: D:\KEILC51\C51\BIN\C51.EXE main.c OPTIMIZE(8,SPEED) BROWSE DEBUG OBJECTEXTEND PRINT(.\Listings\main
                    -.lst) OBJECT(.\Objects\main.obj)

line level    source

   1          #include <REGX52.H>
   2          #include "Delay.h"
   3          #include "LCD1602.h"
   4          
   5          void INT0_ISR(void) interrupt 0
   6          {
   7   1              LCD_ShowString(1,1,"B");
   8   1              Delay(1000);
   9   1              LCD_ShowString(1,1,"A");
  10   1      }
  11          
  12          
  13          void main()
  14          {
  15   1              LCD_Init();
  16   1              Int0_Init();
*** WARNING C206 IN LINE 16 OF main.c: 'Int0_Init': missing function-prototype
  17   1      
  18   1              while(1)
  19   1              {
  20   2                      LCD_ShowString(1,1,"A");        
  21   2              }
  22   1      }


MODULE INFORMATION:   STATIC OVERLAYABLE
   CODE SIZE        =    110    ----
   CONSTANT SIZE    =      4    ----
   XDATA SIZE       =   ----    ----
   PDATA SIZE       =   ----    ----
   DATA SIZE        =   ----    ----
   IDATA SIZE       =   ----    ----
   BIT SIZE         =   ----    ----
END OF MODULE INFORMATION.


C51 COMPILATION COMPLETE.  1 WARNING(S),  0 ERROR(S)
