C51 COMPILER V9.60.7.0   MAIN                                                              09/20/2024 00:17:53 PAGE 1   


C51 COMPILER V9.60.7.0, COMPILATION OF MODULE MAIN
OBJECT MODULE PLACED IN .\Objects\main.obj
COMPILER INVOKED BY: D:\KEILC51\C51\BIN\C51.EXE main.c OPTIMIZE(8,SPEED) BROWSE DEBUG OBJECTEXTEND PRINT(.\Listings\main
                    -.lst) OBJECT(.\Objects\main.obj)

line level    source

   1          #include <REGX52.H>
   2          #include "Delay.h"
   3          #include "Nixie.h"
   4          #include "Key.h"
   5          #include "MatrixKey.h"
   6          #include "Buzzer.h"
   7          
   8          
   9          sbit Buzzer=P2^5;
  10          
  11          unsigned char KeyNum;
  12          static unsigned int i;
  13          
  14          void main()
  15          {
  16   1              while(1)
  17   1              {
  18   2                      KeyNum=Key();
  19   2                      Nixie(1,KeyNum);
  20   2                      if (KeyNum)
  21   2                      {
  22   3                              Buzzer_Time(5000);
  23   3                      }
  24   2              }
  25   1      }


MODULE INFORMATION:   STATIC OVERLAYABLE
   CODE SIZE        =     25    ----
   CONSTANT SIZE    =   ----    ----
   XDATA SIZE       =   ----    ----
   PDATA SIZE       =   ----    ----
   DATA SIZE        =      3    ----
   IDATA SIZE       =   ----    ----
   BIT SIZE         =   ----    ----
END OF MODULE INFORMATION.


C51 COMPILATION COMPLETE.  0 WARNING(S),  0 ERROR(S)
