C51 COMPILER V9.60.7.0   NIXIE                                                             09/20/2024 00:17:54 PAGE 1   


C51 COMPILER V9.60.7.0, COMPILATION OF MODULE NIXIE
OBJECT MODULE PLACED IN .\Objects\Nixie.obj
COMPILER INVOKED BY: D:\KEILC51\C51\BIN\C51.EXE Nixie.c OPTIMIZE(8,SPEED) BROWSE DEBUG OBJECTEXTEND PRINT(.\Listings\Nix
                    -ie.lst) OBJECT(.\Objects\Nixie.obj)

line level    source

   1          #include <REGX52.H>
   2          
   3          void Nixie(unsigned char Location, unsigned char Number)
   4          {
   5   1              switch (Location)
   6   1              {
   7   2              case 1:
   8   2                      P2_4 = 0; P2_3 = 0; P2_2 = 0; break;
   9   2              case 2:
  10   2                      P2_4 = 0; P2_3 = 0; P2_2 = 1; break;
  11   2              case 3:
  12   2                      P2_4 = 0; P2_3 = 1; P2_2 = 0; break;
  13   2              case 4:
  14   2                      P2_4 = 0; P2_3 = 1; P2_2 = 1; break;
  15   2              case 5:
  16   2                      P2_4 = 1; P2_3 = 0; P2_2 = 0; break;
  17   2              case 6:
  18   2                      P2_4 = 1; P2_3 = 0; P2_2 = 1; break;
  19   2              case 7:
  20   2                      P2_4 = 1; P2_3 = 1; P2_2 = 0; break;
  21   2              case 8:
  22   2                      P2_4 = 1; P2_3 = 1; P2_2 = 1; break;
  23   2              }
  24   1              switch (Number)
  25   1              {
  26   2              case 0:
  27   2                      P0 = 0x3F; break;
  28   2              case 1:
  29   2                      P0 = 0x06; break;
  30   2              case 2:
  31   2                      P0 = 0x5B; break;
  32   2              case 3:
  33   2                      P0 = 0x4F; break;
  34   2              case 4:
  35   2                      P0 = 0x66; break;
  36   2              case 5:
  37   2                      P0 = 0x6D; break;
  38   2              case 6:
  39   2                      P0 = 0x7D; break;
  40   2              case 7:
  41   2                      P0 = 0x07; break;
  42   2              case 8:
  43   2                      P0 = 0x7F; break;
  44   2              case 9:
  45   2                      P0 = 0x6F; break;
  46   2              default:
  47   2                      P0 = 0x00; break; 
  48   2              }
  49   1      }


MODULE INFORMATION:   STATIC OVERLAYABLE
   CODE SIZE        =    178    ----
   CONSTANT SIZE    =   ----    ----
C51 COMPILER V9.60.7.0   NIXIE                                                             09/20/2024 00:17:54 PAGE 2   

   XDATA SIZE       =   ----    ----
   PDATA SIZE       =   ----    ----
   DATA SIZE        =   ----    ----
   IDATA SIZE       =   ----    ----
   BIT SIZE         =   ----    ----
END OF MODULE INFORMATION.


C51 COMPILATION COMPLETE.  0 WARNING(S),  0 ERROR(S)
