C51 COMPILER V9.60.7.0   MAIN                                                              09/27/2024 00:28:12 PAGE 1   


C51 COMPILER V9.60.7.0, COMPILATION OF MODULE MAIN
OBJECT MODULE PLACED IN .\Objects\main.obj
COMPILER INVOKED BY: D:\KEILC51\C51\BIN\C51.EXE main.c OPTIMIZE(8,SPEED) BROWSE DEBUG OBJECTEXTEND PRINT(.\Listings\main
                    -.lst) OBJECT(.\Objects\main.obj)

line level    source

   1          //#include "reg52.h"
   2          //#include "LCD1602.h"
   3          //#include "HC_SR04.h"
   4          
   5          //double d;
   6          //void main()
   7          //{
   8          //      LCD_Init();
   9          //      LCD_ShowString(1,1,"hello");
  10          //      d=HC_SR02_GetDis();
  11          //      LCD_ShowNum(2,3,d,5);
  12          //      
  13          //}
  14          
  15          #include <REGX52.H>
  16          #include "LCD1602.h"
  17          #include "HC_SR04.h"
  18          
  19          
  20          void main() {
  21   1          double dis;
  22   1          LCD_Init();
  23   1          Time0Init();
*** WARNING C206 IN LINE 23 OF main.c: 'Time0Init': missing function-prototype
  24   1      
  25   1          while(1) {
  26   2              dis = HC_SR04_GetDistance();
  27   2              LCD_ShowNum(1, 2, dis, 6);
  28   2              // ÆäËû´úÂë...
  29   2          }
  30   1      }


MODULE INFORMATION:   STATIC OVERLAYABLE
   CODE SIZE        =     36    ----
   CONSTANT SIZE    =   ----    ----
   XDATA SIZE       =   ----    ----
   PDATA SIZE       =   ----    ----
   DATA SIZE        =   ----       4
   IDATA SIZE       =   ----    ----
   BIT SIZE         =   ----    ----
END OF MODULE INFORMATION.


C51 COMPILATION COMPLETE.  1 WARNING(S),  0 ERROR(S)
