C51 COMPILER V9.60.7.0   MAIN                                                              09/22/2024 13:41:54 PAGE 1   


C51 COMPILER V9.60.7.0, COMPILATION OF MODULE MAIN
OBJECT MODULE PLACED IN .\Objects\main.obj
COMPILER INVOKED BY: D:\KEILC51\C51\BIN\C51.EXE main.c OPTIMIZE(8,SPEED) BROWSE DEBUG OBJECTEXTEND PRINT(.\Listings\main
                    -.lst) OBJECT(.\Objects\main.obj)

line level    source

   1          #include <REGX52.H>
   2          
   3          sbit LED=P2^0;
   4          
   5          void Delay(unsigned int t)
   6          {
   7   1              while(t--);
   8   1      }
   9          
  10          unsigned char xunhuan;
  11          void main()
  12          {
  13   1              unsigned char Time;
  14   1              while(1)
  15   1              {
  16   2                      for (Time=0;Time<100;Time++){
  17   3                              for (xunhuan=0;xunhuan<20;xunhuan++)
  18   3                              {
  19   4                                      LED=0;
  20   4                                      Delay(Time);
  21   4                                      LED=1;
  22   4                                      Delay(100-Time);
  23   4                              }
  24   3                      }
  25   2                      for (Time=100;Time>0;Time--){
  26   3                              for (xunhuan=0;xunhuan<20;xunhuan++)
  27   3                              {
  28   4                                      LED=0;
  29   4                                      Delay(Time);
  30   4                                      LED=1;
  31   4                                      Delay(100-Time);
  32   4                              }
  33   3                      }
  34   2              }
  35   1      }


MODULE INFORMATION:   STATIC OVERLAYABLE
   CODE SIZE        =     80    ----
   CONSTANT SIZE    =   ----    ----
   XDATA SIZE       =   ----    ----
   PDATA SIZE       =   ----    ----
   DATA SIZE        =      1    ----
   IDATA SIZE       =   ----    ----
   BIT SIZE         =   ----    ----
END OF MODULE INFORMATION.


C51 COMPILATION COMPLETE.  0 WARNING(S),  0 ERROR(S)
