C51 COMPILER V9.60.7.0   MAIN                                                              09/10/2024 01:49:38 PAGE 1   


C51 COMPILER V9.60.7.0, COMPILATION OF MODULE MAIN
OBJECT MODULE PLACED IN .\Objects\main.obj
COMPILER INVOKED BY: D:\KEILC51\C51\BIN\C51.EXE main.c OPTIMIZE(8,SPEED) BROWSE DEBUG OBJECTEXTEND PRINT(.\Listings\main
                    -.lst) TABS(2) OBJECT(.\Objects\main.obj)

line level    source

   1          #include <REGX52.H>
   2          #include <INTRINS.H>
   3          
   4          void Delay500us(void) //@11.0592MHz
   5          {
   6   1        unsigned char data i;
   7   1      
   8   1        _nop_();
   9   1        i = 227;
  10   1        while (--i);
  11   1      }
  12          
  13          void Delay500ms(void) //@11.0592MHz
  14          {
  15   1        unsigned char data i, j, k;
  16   1      
  17   1        _nop_();
  18   1        i = 4;
  19   1        j = 129;
  20   1        k = 119;
  21   1        do
  22   1        {
  23   2          do
  24   2          {
  25   3            while (--k);
  26   3          } while (--j);
  27   2        } while (--i);
  28   1      }
  29          
  30          void main()
  31          {
  32   1        while(1)
  33   1        {
  34   2          P2=0xFE;
  35   2          Delay500ms();
  36   2          P2=0xFF;
  37   2          Delay500ms();
  38   2        }
  39   1      }


MODULE INFORMATION:   STATIC OVERLAYABLE
   CODE SIZE        =     34    ----
   CONSTANT SIZE    =   ----    ----
   XDATA SIZE       =   ----    ----
   PDATA SIZE       =   ----    ----
   DATA SIZE        =   ----    ----
   IDATA SIZE       =   ----    ----
   BIT SIZE         =   ----    ----
END OF MODULE INFORMATION.


C51 COMPILATION COMPLETE.  0 WARNING(S),  0 ERROR(S)
