C51 COMPILER V9.60.7.0   MAIN                                                              09/11/2024 19:23:52 PAGE 1   


C51 COMPILER V9.60.7.0, COMPILATION OF MODULE MAIN
OBJECT MODULE PLACED IN .\Objects\main.obj
COMPILER INVOKED BY: D:\KEILC51\C51\BIN\C51.EXE main.c OPTIMIZE(8,SPEED) BROWSE DEBUG OBJECTEXTEND PRINT(.\Listings\main
                    -.lst) OBJECT(.\Objects\main.obj)

line level    source

   1          #include <REGX52.H>
   2          #include "Delay.h"
   3          #include "Nixie.h"
   4          
   5          void main()
   6          {
   7   1              P2_0=1;
   8   1              Delay(500);
   9   1              P2_0=0;
  10   1              Delay(500);
  11   1              //print 1310521
  12   1              Nixie(8,1);
  13   1              Delay(500);
  14   1              Nixie(7,3);
  15   1              Delay(500);
  16   1              Nixie(6,1);
  17   1              Delay(500);
  18   1              Nixie(5,4);
  19   1              Delay(500);
  20   1              Nixie(4,5);
  21   1              Delay(500);
  22   1              Nixie(3,2);
  23   1              Delay(500);
  24   1              Nixie(2,1);
  25   1      }


MODULE INFORMATION:   STATIC OVERLAYABLE
   CODE SIZE        =     93    ----
   CONSTANT SIZE    =   ----    ----
   XDATA SIZE       =   ----    ----
   PDATA SIZE       =   ----    ----
   DATA SIZE        =   ----    ----
   IDATA SIZE       =   ----    ----
   BIT SIZE         =   ----    ----
END OF MODULE INFORMATION.


C51 COMPILATION COMPLETE.  0 WARNING(S),  0 ERROR(S)
