C51 COMPILER V9.60.7.0   MAIN                                                              09/11/2024 14:41:03 PAGE 1   


C51 COMPILER V9.60.7.0, COMPILATION OF MODULE MAIN
OBJECT MODULE PLACED IN .\Objects\main.obj
COMPILER INVOKED BY: D:\KEILC51\C51\BIN\C51.EXE main.c OPTIMIZE(8,SPEED) BROWSE DEBUG OBJECTEXTEND PRINT(.\Listings\main
                    -.lst) OBJECT(.\Objects\main.obj)

line level    source

   1          #include <REGX52.H>
   2          #include <INTRINS.H>
   3          void Delay20ms(void)    //@11.0592MHz
   4          {
   5   1          unsigned char i, j, k; // 去掉 data 关键字
   6   1      
   7   1          _nop_();
   8   1          i = 1;
   9   1          j = 52;
  10   1          k = 74;
  11   1          do
  12   1          {
  13   2              do
  14   2              {
  15   3                  while (--k);
  16   3              } while (--j);
  17   2          } while (--i);
  18   1      }
  19          
  20          void main()
  21          {
  22   1          P2 = 0xFE;   // 1111 1110
  23   1          while (1)
  24   1          {
  25   2              if(P3_1==0)
  26   2              {
  27   3                  Delay20ms();
  28   3                  if(P3_1==0)
  29   3                  {
  30   4                      while(P3_1==0);
  31   4                      P2 = P2 << 1;
  32   4                  }
  33   3              }
  34   2              if(P3_3==0)
  35   2              {
  36   3                  Delay20ms();
  37   3                  if(P3_3==0)
  38   3                  {
  39   4                      while(P3_3==0);
  40   4                      P2 = P2 >> 1;
  41   4                  }
  42   3              }
  43   2              if(P3_0==0)
  44   2              {
  45   3                  Delay20ms();
  46   3                  if(P3_0==0)
  47   3                  {
  48   4                      while(P3_0==0);
  49   4                      P2 = 0xFE;
  50   4                  }
  51   3              }
  52   2          }
  53   1      }

C51 COMPILER V9.60.7.0   MAIN                                                              09/11/2024 14:41:03 PAGE 2   


MODULE INFORMATION:   STATIC OVERLAYABLE
   CODE SIZE        =     70    ----
   CONSTANT SIZE    =   ----    ----
   XDATA SIZE       =   ----    ----
   PDATA SIZE       =   ----    ----
   DATA SIZE        =   ----    ----
   IDATA SIZE       =   ----    ----
   BIT SIZE         =   ----    ----
END OF MODULE INFORMATION.


C51 COMPILATION COMPLETE.  0 WARNING(S),  0 ERROR(S)
