C51 COMPILER V9.60.7.0   MAIN                                                              09/17/2024 22:58:05 PAGE 1   


C51 COMPILER V9.60.7.0, COMPILATION OF MODULE MAIN
OBJECT MODULE PLACED IN .\Objects\main.obj
COMPILER INVOKED BY: D:\KEILC51\C51\BIN\C51.EXE main.c OPTIMIZE(8,SPEED) BROWSE DEBUG OBJECTEXTEND PRINT(.\Listings\main
                    -.lst) OBJECT(.\Objects\main.obj)

line level    source

   1          #include <REGX52.H>
   2          #include "Delay.h"
   3          #include "MatrixLED.h"
   4          
   5          // 动画数据，每帧8个字节，3帧动画
   6          unsigned char code Animation[]={
   7                  0x3C,0x42,0xA9,0x85,0x85,0xA9,0x42,0x3C,  // 第一帧
   8                  0x3C,0x42,0xA1,0x85,0x85,0xA1,0x42,0x3C,  // 第二帧
   9                  0x3C,0x42,0xA5,0x89,0x89,0xA5,0x42,0x3C   // 第三帧
  10          };
  11          
  12          void main()
  13          {
  14   1              unsigned char i, Offset=0, Count=0; // i用于循环列数，Offset用于切换动画帧，Count用于控
             -制帧切换速度
  15   1              MatrixLED_Init();                   // 初始化点阵LED
  16   1              while(1)
  17   1              {
  18   2                      // 显示当前帧的每一列
  19   2                      for(i=0; i<8; i++)      // 循环8次，依次显示点阵屏的8列数据
  20   2                      {
  21   3                              MatrixLED_ShowColumn(i, Animation[i + Offset]); // 显示第i列，数据来自当前动画帧
  22   3                      }
  23   2                      Count++; // 帧延时计数
  24   2                      if(Count > 15) // 控制切换帧的速度，当Count大于15时，切换到下一帧
  25   2                      {
  26   3                              Count = 0;           // 重置计数
  27   3                              Offset += 8;         // 偏移+8，切换到下一帧
  28   3                              if(Offset > 16)      // 若偏移超过16（超出3帧），则重置为第一帧
  29   3                              {
  30   4                                      Offset = 0;      // 回到第一帧
  31   4                              }
  32   3                      }
  33   2              }
  34   1      }


MODULE INFORMATION:   STATIC OVERLAYABLE
   CODE SIZE        =     64    ----
   CONSTANT SIZE    =     24    ----
   XDATA SIZE       =   ----    ----
   PDATA SIZE       =   ----    ----
   DATA SIZE        =   ----       3
   IDATA SIZE       =   ----    ----
   BIT SIZE         =   ----    ----
END OF MODULE INFORMATION.


C51 COMPILATION COMPLETE.  0 WARNING(S),  0 ERROR(S)
