C51 COMPILER V9.60.7.0   AT24C02                                                           09/22/2024 01:32:38 PAGE 1   


C51 COMPILER V9.60.7.0, COMPILATION OF MODULE AT24C02
OBJECT MODULE PLACED IN .\Objects\AT24C02.obj
COMPILER INVOKED BY: D:\KEILC51\C51\BIN\C51.EXE AT24C02.c OPTIMIZE(8,SPEED) BROWSE DEBUG OBJECTEXTEND PRINT(.\Listings\A
                    -T24C02.lst) OBJECT(.\Objects\AT24C02.obj)

line level    source

   1          #include <REGX52.H>
   2          #include "I2C.h"
   3          
   4          #define AT24C02_ADDRESS         0xA0
   5          
   6          
   7          void AT24C02_WriteByte(unsigned char WordAddress,Data)
   8          {
   9   1              I2C_Start();
  10   1              I2C_SendByte(AT24C02_ADDRESS);
  11   1              I2C_ReceiveAck();
  12   1              I2C_SendByte(WordAddress);
  13   1              I2C_ReceiveAck();
  14   1              I2C_SendByte(Data);
  15   1              I2C_ReceiveAck();
  16   1              I2C_Stop();
  17   1      }
  18          
  19          
  20          unsigned char AT24C02_ReadByte(unsigned char WordAddress)
  21          {
  22   1              unsigned char Data;
  23   1              I2C_Start();
  24   1              I2C_SendByte(AT24C02_ADDRESS);
  25   1              I2C_ReceiveAck();
  26   1              I2C_SendByte(WordAddress);
  27   1              I2C_ReceiveAck();
  28   1              I2C_Start();
  29   1              I2C_SendByte(AT24C02_ADDRESS|0x01);
  30   1              I2C_ReceiveAck();
  31   1              Data=I2C_ReceiveByte();
  32   1              I2C_SendAck(1);
  33   1              I2C_Stop();
  34   1              return Data;
  35   1      }


MODULE INFORMATION:   STATIC OVERLAYABLE
   CODE SIZE        =     84    ----
   CONSTANT SIZE    =   ----    ----
   XDATA SIZE       =   ----    ----
   PDATA SIZE       =   ----    ----
   DATA SIZE        =   ----       5
   IDATA SIZE       =   ----    ----
   BIT SIZE         =   ----    ----
END OF MODULE INFORMATION.


C51 COMPILATION COMPLETE.  0 WARNING(S),  0 ERROR(S)
