C51 COMPILER V9.60.7.0   MAIN                                                              09/11/2024 02:00:13 PAGE 1   


C51 COMPILER V9.60.7.0, COMPILATION OF MODULE MAIN
OBJECT MODULE PLACED IN .\Objects\main.obj
COMPILER INVOKED BY: D:\KEILC51\C51\BIN\C51.EXE main.c OPTIMIZE(8,SPEED) BROWSE DEBUG OBJECTEXTEND PRINT(.\Listings\main
                    -.lst) OBJECT(.\Objects\main.obj)

line level    source

   1          #include <REGX52.H>
   2          #include <INTRINS.H>
   3          
   4          void Delay200ms(void)   //@11.0592MHz
   5          {
   6   1          unsigned char data i, j, k;
   7   1      
   8   1          _nop_();
   9   1          i = 2;
  10   1          j = 103;
  11   1          k = 147;
  12   1          do
  13   1          {
  14   2              do
  15   2              {
  16   3                  while (--k);
  17   3              } while (--j);
  18   2          } while (--i);
  19   1      }
  20          
  21          void Delay20ms(void)    //@11.0592MHz
  22          {
  23   1          unsigned char data i, j, k;
  24   1      
  25   1          _nop_();
  26   1          i = 1;
  27   1          j = 52;
  28   1          k = 74;
  29   1          do
  30   1          {
  31   2              do
  32   2              {
  33   3                  while (--k);
  34   3              } while (--j);
  35   2          } while (--i);
  36   1      }
  37          
  38          void main()
  39          {
  40   1          P2_0 = 1;
  41   1          P2_1 = 1;
  42   1          P2_2 = 1;
  43   1          P2_3 = 1;
  44   1          while(1){
  45   2              if (P3_1 == 0)
  46   2              {
  47   3                  Delay20ms(); // 去抖动
  48   3                  if (P3_1 == 0) // 确认按键仍然按下
  49   3                  {
  50   4                      P2_0 = !P2_0; // 切换 P2_0 状态
  51   4                      while (P3_1 == 0); // 等待按键释放
  52   4                  }
  53   3              }
  54   2              if (P3_0 == 0)
C51 COMPILER V9.60.7.0   MAIN                                                              09/11/2024 02:00:13 PAGE 2   

  55   2              {
  56   3                  Delay20ms(); // 去抖动
  57   3                  if (P3_0 == 0) // 确认按键仍然按下
  58   3                  {
  59   4                      P2_1 = !P2_1; // 切换 P2_1 状态
  60   4                      while (P3_0 == 0); // 等待按键释放
  61   4                  }
  62   3              }
  63   2              if (P3_2 == 0)  
  64   2              {
  65   3                  Delay20ms(); // 去抖动
  66   3                  if (P3_2 == 0) // 确认按键仍然按下
  67   3                  {
  68   4                      P2_2 = !P2_2; // 切换 P2_2 状态
  69   4                      while (P3_2 == 0); // 等待按键释放
  70   4                  }
  71   3              }
  72   2              if (P3_3 == 0)  
  73   2              {
  74   3                  Delay20ms(); // 去抖动
  75   3                  if (P3_3 == 0) // 确认按键仍然按下
  76   3                  {
  77   4                      P2_3 = !P2_3; // 切换 P2_3 状态
  78   4                      while (P3_3 == 0); // 等待按键释放
  79   4                  }
  80   3              }
  81   2          }
  82   1      }


MODULE INFORMATION:   STATIC OVERLAYABLE
   CODE SIZE        =     94    ----
   CONSTANT SIZE    =   ----    ----
   XDATA SIZE       =   ----    ----
   PDATA SIZE       =   ----    ----
   DATA SIZE        =   ----    ----
   IDATA SIZE       =   ----    ----
   BIT SIZE         =   ----    ----
END OF MODULE INFORMATION.


C51 COMPILATION COMPLETE.  0 WARNING(S),  0 ERROR(S)
