C51 COMPILER V9.60.7.0   MAIN                                                              09/14/2024 10:47:34 PAGE 1   


C51 COMPILER V9.60.7.0, COMPILATION OF MODULE MAIN
OBJECT MODULE PLACED IN .\Objects\main.obj
COMPILER INVOKED BY: D:\KEILC51\C51\BIN\C51.EXE main.c OPTIMIZE(8,SPEED) BROWSE DEBUG OBJECTEXTEND PRINT(.\Listings\main
                    -.lst) OBJECT(.\Objects\main.obj)

line level    source

   1          #include <REGX52.H>
   2          #include "Timer0.h"
   3          #include "MatrixKey.h"
   4          #include <INTRINS.H>
   5          #include "Delay.h"
   6          
   7          unsigned int T0Count = 0;
   8          unsigned char LEDMode = 1;
   9          unsigned char KeyStatus = 0;
  10          unsigned int speed = 1000;
  11          unsigned char LEDState = 0xFE;  // 保存当前LED状态
  12          
  13          // 定时器0中断服务程序
  14          void Timer0_ISR(void) interrupt 1
  15          {
  16   1          T0Count++;  // 增加定时器0计数
  17   1          TH0 = 0xFC;  // 重载定时器0高8位初值
  18   1          TL0 = 0x67;  // 重载定时器0低8位初值
  19   1      
  20   1          if (T0Count >= speed) 
  21   1          {
  22   2              T0Count = 0;  // 计数器归零
  23   2              if (LEDMode == 1)  // 如果是流水灯模式
  24   2              {
  25   3                  LEDState = _crol_(LEDState, 1);  // 循环左移
  26   3              }
  27   2              else if (LEDMode == 0)  // 如果是“按啥亮啥”模式
  28   2              {
  29   3                  LEDState = _cror_(LEDState, 1);  // 循环右移
  30   3              }
  31   2              P2 = LEDState;  // 将当前LED状态赋给P2
  32   2          }
  33   1      }
  34          
  35          void main()
  36          {
  37   1          P2 = LEDState;  // 初始化P2端口，设置初始LED状态
  38   1          Timer0_init();  // 初始化定时器0
  39   1      
  40   1          while (1)
  41   1          {
  42   2              KeyStatus = MatrixKey();  // 获取当前按键状态
  43   2      
  44   2              // 调试输出：将按键状态直接显示在 P2 口，便于观察按键输入
  45   2              if (KeyStatus != 0)  // 如果检测到按键
  46   2              {
  47   3                  P2 = ~KeyStatus;  // 反转按键编号显示在P2上，用于调试观察
  48   3              }
  49   2      
  50   2              // 按键逻辑处理
  51   2              if (KeyStatus == 12)  // 如果按下键12，减少速度
  52   2              {
  53   3                  speed = (int)(speed * 0.8);  
  54   3              }
C51 COMPILER V9.60.7.0   MAIN                                                              09/14/2024 10:47:34 PAGE 2   

  55   2              else if (KeyStatus == 16)  // 如果按下键16，增加速度
  56   2              {
  57   3                  speed = (int)(speed * 1.25); 
  58   3              }
  59   2              else if (KeyStatus == 9)  // 如果按下键9，切换到流水灯模式
  60   2              {
  61   3                  LEDMode = 1;
  62   3              }
  63   2              else if (KeyStatus == 10)  // 如果按下键10，切换到按啥亮啥模式
  64   2              {
  65   3                  LEDMode = 0;
  66   3              }
  67   2          }
  68   1      }
  69          
  70          
  71          
  72          


MODULE INFORMATION:   STATIC OVERLAYABLE
   CODE SIZE        =    182    ----
   CONSTANT SIZE    =   ----    ----
   XDATA SIZE       =   ----    ----
   PDATA SIZE       =   ----    ----
   DATA SIZE        =      7    ----
   IDATA SIZE       =   ----    ----
   BIT SIZE         =   ----    ----
END OF MODULE INFORMATION.


C51 COMPILATION COMPLETE.  0 WARNING(S),  0 ERROR(S)
