C51 COMPILER V9.60.7.0   MATRIXKEY                                                         09/14/2024 10:47:34 PAGE 1   


C51 COMPILER V9.60.7.0, COMPILATION OF MODULE MATRIXKEY
OBJECT MODULE PLACED IN .\Objects\MatrixKey.obj
COMPILER INVOKED BY: D:\KEILC51\C51\BIN\C51.EXE MatrixKey.c OPTIMIZE(8,SPEED) BROWSE DEBUG OBJECTEXTEND PRINT(.\Listings
                    -\MatrixKey.lst) OBJECT(.\Objects\MatrixKey.obj)

line level    source

   1          #include <REGX52.H>
   2          #include "Delay.h"
   3          
   4          unsigned char MatrixKey()
   5          {
   6   1          unsigned char keyNum = 0; // 按键编号
   7   1      
   8   1          // 扫描列1
   9   1          P1 = 0xFF;
  10   1          P1_7 = 0;
  11   1          if (P1_3 == 0) { Delay(20); while (P1_3 == 0); Delay(20); keyNum = 1; };
  12   1          if (P1_2 == 0) { Delay(20); while (P1_2 == 0); Delay(20); keyNum = 2; };
  13   1          if (P1_1 == 0) { Delay(20); while (P1_1 == 0); Delay(20); keyNum = 3; };
  14   1          if (P1_0 == 0) { Delay(20); while (P1_0 == 0); Delay(20); keyNum = 4; };
  15   1      
  16   1          // 扫描列2
  17   1          P1 = 0xFF;
  18   1          P1_6 = 0;
  19   1          if (P1_3 == 0) { Delay(20); while (P1_3 == 0); Delay(20); keyNum = 5; };
  20   1          if (P1_2 == 0) { Delay(20); while (P1_2 == 0); Delay(20); keyNum = 6; };
  21   1          if (P1_1 == 0) { Delay(20); while (P1_1 == 0); Delay(20); keyNum = 7; };
  22   1          if (P1_0 == 0) { Delay(20); while (P1_0 == 0); Delay(20); keyNum = 8; };
  23   1      
  24   1          // 扫描列3
  25   1          P1 = 0xFF;
  26   1          P1_5 = 0;
  27   1          if (P1_3 == 0) { Delay(20); while (P1_3 == 0); Delay(20); keyNum = 9; };
  28   1          if (P1_2 == 0) { Delay(20); while (P1_2 == 0); Delay(20); keyNum = 10; };
  29   1          if (P1_1 == 0) { Delay(20); while (P1_1 == 0); Delay(20); keyNum = 11; };
  30   1          if (P1_0 == 0) { Delay(20); while (P1_0 == 0); Delay(20); keyNum = 12; };
  31   1      
  32   1          // 扫描列4
  33   1          P1 = 0xFF;
  34   1          P1_4 = 0;
  35   1          if (P1_3 == 0) { Delay(20); while (P1_3 == 0); Delay(20); keyNum = 13; };
  36   1          if (P1_2 == 0) { Delay(20); while (P1_2 == 0); Delay(20); keyNum = 14; };
  37   1          if (P1_1 == 0) { Delay(20); while (P1_1 == 0); Delay(20); keyNum = 15; };
  38   1          if (P1_0 == 0) { Delay(20); while (P1_0 == 0); Delay(20); keyNum = 16; };
  39   1      
  40   1          return keyNum;  // 返回按键编号
  41   1      }


MODULE INFORMATION:   STATIC OVERLAYABLE
   CODE SIZE        =    393    ----
   CONSTANT SIZE    =   ----    ----
   XDATA SIZE       =   ----    ----
   PDATA SIZE       =   ----    ----
   DATA SIZE        =   ----       1
   IDATA SIZE       =   ----    ----
   BIT SIZE         =   ----    ----
END OF MODULE INFORMATION.


C51 COMPILATION COMPLETE.  0 WARNING(S),  0 ERROR(S)
