C51 COMPILER V9.60.7.0   DS18B20                                                           09/22/2024 02:47:36 PAGE 1   


C51 COMPILER V9.60.7.0, COMPILATION OF MODULE DS18B20
OBJECT MODULE PLACED IN .\Objects\DS18B20.obj
COMPILER INVOKED BY: D:\KEILC51\C51\BIN\C51.EXE DS18B20.c OPTIMIZE(8,SPEED) BROWSE DEBUG OBJECTEXTEND PRINT(.\Listings\D
                    -S18B20.lst) OBJECT(.\Objects\DS18B20.obj)

line level    source

   1          #include <REGX52.H>
   2          #include "OneWire.h"
   3          
   4          #define DS18B20_SKIP_ROM        0xcc
   5          #define DS18B20_CONVERT_T       0x44
   6          #define DS18B20_READ_SCRATCHPAD 0xbe
   7          #define DS18B20_WRITE_SCRATCHPAD        0x4e
   8          #define DS18B20_COPY_SCRATCHPAD 0x48
   9          #define DS18B20_RECALL_E2       0xb8
  10          #define DS18B20_READ_POWER_SUPPLY       0xb4
  11          
  12          // DS18B20
  13          
  14          void DS18B20_ConvertT(void)
  15          {
  16   1              OneWire_Init();
  17   1              OneWire_SendByte(DS18B20_SKIP_ROM);
  18   1              OneWire_SendByte(DS18B20_CONVERT_T);
  19   1      }
  20          
  21          float DS18B20_ReadT(void)
  22          {
  23   1              unsigned char LSB,MSB;
  24   1              unsigned int T;
  25   1              float Temp;
  26   1              
  27   1              OneWire_Init();
  28   1              OneWire_SendByte(DS18B20_SKIP_ROM);
  29   1              OneWire_SendByte(DS18B20_READ_SCRATCHPAD);
  30   1              LSB=OneWire_ReceiveByte();
  31   1              MSB=OneWire_ReceiveByte();
  32   1              T=MSB;
  33   1              T<<=8;
  34   1              T|=LSB;
  35   1              Temp=T*0.0625;
  36   1              return Temp;
  37   1      }


MODULE INFORMATION:   STATIC OVERLAYABLE
   CODE SIZE        =     57    ----
   CONSTANT SIZE    =   ----    ----
   XDATA SIZE       =   ----    ----
   PDATA SIZE       =   ----    ----
   DATA SIZE        =   ----       1
   IDATA SIZE       =   ----    ----
   BIT SIZE         =   ----    ----
END OF MODULE INFORMATION.


C51 COMPILATION COMPLETE.  0 WARNING(S),  0 ERROR(S)
