C51 COMPILER V9.60.7.0   MAIN                                                              09/22/2024 02:47:36 PAGE 1   


C51 COMPILER V9.60.7.0, COMPILATION OF MODULE MAIN
OBJECT MODULE PLACED IN .\Objects\main.obj
COMPILER INVOKED BY: D:\KEILC51\C51\BIN\C51.EXE main.c OPTIMIZE(8,SPEED) BROWSE DEBUG OBJECTEXTEND PRINT(.\Listings\main
                    -.lst) OBJECT(.\Objects\main.obj)

line level    source

   1          #include <REGX52.H>
   2          #include "Delay.h"
   3          #include "LCD1602.h"
   4          #include "DS18B20.h"
   5          
   6          float Temp;
   7          void main()
   8          {
   9   1              DS18B20_ConvertT();
  10   1              LCD_Init();
  11   1              Delay(750);
  12   1              while(1)
  13   1              {
  14   2                      DS18B20_ConvertT();
  15   2                      Temp=DS18B20_ReadT();
  16   2                      if (Temp<0)
  17   2                      {
  18   3                              LCD_ShowChar(1,1,'-');
  19   3                              Temp=-Temp;
  20   3                      }
  21   2                      else
  22   2                      {
  23   3                              LCD_ShowChar(1,1,'+');
  24   3                      }
  25   2                      LCD_ShowNum(1,2,Temp,2);
  26   2                      LCD_ShowChar(1,4,'.');
  27   2                      LCD_ShowNum(1,5,(unsigned long)(Temp*100)%100,2);
  28   2                      LCD_ShowNum(2,5,(unsigned long)(Temp*10000)%10000,4);
  29   2              }
  30   1      }


MODULE INFORMATION:   STATIC OVERLAYABLE
   CODE SIZE        =    203    ----
   CONSTANT SIZE    =   ----    ----
   XDATA SIZE       =   ----    ----
   PDATA SIZE       =   ----    ----
   DATA SIZE        =      4    ----
   IDATA SIZE       =   ----    ----
   BIT SIZE         =   ----    ----
END OF MODULE INFORMATION.


C51 COMPILATION COMPLETE.  0 WARNING(S),  0 ERROR(S)
