<<<<<<< HEAD
C51 COMPILER V9.60.7.0   MAIN                                                              09/12/2024 12:55:25 PAGE 1   
=======
C51 COMPILER V9.60.7.0   MAIN                                                              09/11/2024 17:18:35 PAGE 1   
>>>>>>> 6d397c2d69e7cb89d6aa19427358483d0ade3950


C51 COMPILER V9.60.7.0, COMPILATION OF MODULE MAIN
OBJECT MODULE PLACED IN .\Objects\main.obj
COMPILER INVOKED BY: D:\KEILC51\C51\BIN\C51.EXE main.c OPTIMIZE(8,SPEED) BROWSE DEBUG OBJECTEXTEND PRINT(.\Listings\main
                    -.lst) OBJECT(.\Objects\main.obj)

line level    source

   1          #include <REGX52.H>
   2          
   3          void Nixie(unsigned char Location, unsigned char Number)
   4          {
   5   1              switch (Location)
   6   1              {
   7   2              case 1:
   8   2                      P2_4 = 0; P2_3 = 0; P2_2 = 0; break;
   9   2              case 2:
  10   2                      P2_4 = 0; P2_3 = 0; P2_2 = 1; break;
  11   2              case 3:
  12   2                      P2_4 = 0; P2_3 = 1; P2_2 = 0; break;
  13   2              case 4:
  14   2                      P2_4 = 0; P2_3 = 1; P2_2 = 1; break;
  15   2              case 5:
  16   2                      P2_4 = 1; P2_3 = 0; P2_2 = 0; break;
  17   2              case 6:
  18   2                      P2_4 = 1; P2_3 = 0; P2_2 = 1; break;
  19   2              case 7:
  20   2                      P2_4 = 1; P2_3 = 1; P2_2 = 0; break;
  21   2              case 8:
  22   2                      P2_4 = 1; P2_3 = 1; P2_2 = 1; break;
  23   2              }
  24   1              switch (Number)
  25   1              {
  26   2              case 0:
  27   2                      P0 = 0x3F; break;
  28   2              case 1:
  29   2                      P0 = 0x06; break;
  30   2              case 2:
  31   2                      P0 = 0x5B; break;
  32   2              case 3:
  33   2                      P0 = 0x4F; break;
  34   2              case 4:
  35   2                      P0 = 0x66; break;
  36   2              case 5:
  37   2                      P0 = 0x6D; break;
  38   2              case 6:
  39   2                      P0 = 0x7D; break;
  40   2              case 7:
  41   2                      P0 = 0x07; break;
  42   2              case 8:
  43   2                      P0 = 0x7F; break;
  44   2              case 9:
  45   2                      P0 = 0x6F; break;
  46   2              default:
  47   2                      P0 = 0x00; break; // 默认值，防止错误输入
  48   2              }
  49   1      }
  50          void clean()
  51          {
  52   1              P0 = 0x00;
  53   1      }
  54          void main()
<<<<<<< HEAD
C51 COMPILER V9.60.7.0   MAIN                                                              09/12/2024 12:55:25 PAGE 2   
=======
C51 COMPILER V9.60.7.0   MAIN                                                              09/11/2024 17:18:35 PAGE 2   
>>>>>>> 6d397c2d69e7cb89d6aa19427358483d0ade3950

  55          {
  56   1              while(1)
  57   1              {
<<<<<<< HEAD
  58   2                      //Print 114514
  59   2                      Nixie(8,1);
  60   2                      clean();
  61   2                      Nixie(7,1);
  62   2                      clean();
  63   2                      Nixie(6,4);
  64   2                      clean();
  65   2                      Nixie(5,5);
  66   2                      clean();
  67   2                      Nixie(4,1);
  68   2                      clean();
  69   2                      Nixie(3,4);
  70   2                      clean();
  71   2              }
  72   1      }


MODULE INFORMATION:   STATIC OVERLAYABLE
   CODE SIZE        =    219    ----
=======
  58   2                      //Print20051013
  59   2                      Nixie(8,2);
  60   2                      clean();
  61   2                      Nixie(7,0);
  62   2                      clean();
  63   2                      Nixie(6,0);
  64   2                      clean();
  65   2                      Nixie(5,6);
  66   2                      clean();
  67   2                      Nixie(4,0);
  68   2                      clean();
  69   2                      Nixie(3,2);
  70   2                      clean();
  71   2                      Nixie(2,2);
  72   2                      clean();
  73   2                      Nixie(1,0);
  74   2                      clean();
  75   2              }
  76   1      }


MODULE INFORMATION:   STATIC OVERLAYABLE
   CODE SIZE        =    220    ----
>>>>>>> 6d397c2d69e7cb89d6aa19427358483d0ade3950
   CONSTANT SIZE    =   ----    ----
   XDATA SIZE       =   ----    ----
   PDATA SIZE       =   ----    ----
   DATA SIZE        =   ----    ----
   IDATA SIZE       =   ----    ----
   BIT SIZE         =   ----    ----
END OF MODULE INFORMATION.


C51 COMPILATION COMPLETE.  0 WARNING(S),  0 ERROR(S)
