C51 COMPILER V9.60.7.0   MAIN                                                              09/21/2024 15:08:14 PAGE 1   


C51 COMPILER V9.60.7.0, COMPILATION OF MODULE MAIN
OBJECT MODULE PLACED IN .\Objects\main.obj
COMPILER INVOKED BY: D:\KEILC51\C51\BIN\C51.EXE main.c OPTIMIZE(8,SPEED) BROWSE DEBUG OBJECTEXTEND PRINT(.\Listings\main
                    -.lst) OBJECT(.\Objects\main.obj)

line level    source

   1          #include <REGX52.H>
   2          #include "Delay.h"
   3          #include "Key.h"
   4          #include "LCD1602.h"
   5          #include "AT24C02.h"
   6          #include "Timer0.h"
   7          unsigned char Data;
   8          unsigned char number;
   9          unsigned char KeyNum;
  10          
  11          void Timer0_ISR() interrupt 1
  12          {
  13   1              TH0=(65536-50000)/256;
  14   1              TL0=(65536-50000)%256;
  15   1              Data++;
  16   1              if (Data==100)
  17   1              {
  18   2                      Data=0;
  19   2                      LCD_Clear(2);
  20   2              }
  21   1      }
  22          
  23          void main()
  24          {
  25   1              Timer0_init();
  26   1              LCD_Init();
  27   1              LCD_ShowString(1,1,"AT24C02 TEST");
  28   1              
  29   1              while(1)
  30   1              {
  31   2                      KeyNum=Key();
  32   2                      if (KeyNum==1)
  33   2                      {
  34   3                              number++;
  35   3                              LCD_ShowNum(2,1,number,5);
  36   3                      }
  37   2                      if (KeyNum==2)
  38   2                      {
  39   3                              number--;
  40   3                              LCD_ShowNum(2,1,number,5);
  41   3                      }
  42   2                      if (KeyNum==3)
  43   2                      {
  44   3                              AT24C02_WriteByte(0,number%256);
  45   3                              Delay(5);
  46   3                              AT24C02_WriteByte(1,number/256);
  47   3                              Delay(5);
  48   3                              LCD_ShowString(2,1,"Number saved");
  49   3                      }
  50   2                      if (KeyNum==4)
  51   2                      {
  52   3                              number=AT24C02_ReadByte(0)+AT24C02_ReadByte(1)*256;
  53   3                              LCD_ShowString(2,1,"Saved befor:");
  54   3                              LCD_ShowNum(2,13,number,4);
C51 COMPILER V9.60.7.0   MAIN                                                              09/21/2024 15:08:14 PAGE 2   

  55   3                      }
  56   2              }
  57   1      }


MODULE INFORMATION:   STATIC OVERLAYABLE
   CODE SIZE        =    238    ----
   CONSTANT SIZE    =     39    ----
   XDATA SIZE       =   ----    ----
   PDATA SIZE       =   ----    ----
   DATA SIZE        =      3    ----
   IDATA SIZE       =   ----    ----
   BIT SIZE         =   ----    ----
END OF MODULE INFORMATION.


C51 COMPILATION COMPLETE.  0 WARNING(S),  0 ERROR(S)
