C51 COMPILER V9.60.7.0   MIAN                                                              09/22/2024 18:57:35 PAGE 1   


C51 COMPILER V9.60.7.0, COMPILATION OF MODULE MIAN
OBJECT MODULE PLACED IN .\Objects\mian.obj
COMPILER INVOKED BY: D:\KEILC51\C51\BIN\C51.EXE mian.c OPTIMIZE(8,SPEED) BROWSE DEBUG OBJECTEXTEND PRINT(.\Listings\mian
                    -.lst) OBJECT(.\Objects\mian.obj)

line level    source

   1          #include <REGX52.H>
   2          #include <INTRINS.H>
   3          
   4          
   5          void Delay500ms(void)   //@11.0592MHz
   6          {
   7   1              unsigned char data i, j, k;
   8   1      
   9   1              _nop_();
  10   1              i = 4;
  11   1              j = 129;
  12   1              k = 119;
  13   1              do
  14   1              {
  15   2                      do
  16   2                      {
  17   3                              while (--k);
  18   3                      } while (--j);
  19   2              } while (--i);
  20   1      }
  21          unsigned char i;
  22          void main()
  23          {
  24   1              P1_0=0;
  25   1              for (i=0;i<1000;i++)
  26   1      {       Delay500ms();}
  27   1              while(1)
  28   1              {
  29   2                      P2=0xFE;                        //1111 1110
  30   2                      Delay500ms();
  31   2                      P2=0xFD;                        //1111 1101
  32   2                      Delay500ms();
  33   2                      P2=0xFB;                        //1111 1011
  34   2                      Delay500ms();
  35   2                      P2=0xF7;                        //1111 0111
  36   2                      Delay500ms();
  37   2                      P2=0xEF;                        //1110 1111
  38   2                      Delay500ms();
  39   2                      P2=0xDF;                        //1101 1111
  40   2                      Delay500ms();
  41   2                      P2=0xBF;                        //1011 1111
  42   2                      Delay500ms();
  43   2                      P2=0x7F;                        //0111 1111
  44   2                      Delay500ms();
  45   2              }
  46   1      }


MODULE INFORMATION:   STATIC OVERLAYABLE
   CODE SIZE        =     87    ----
   CONSTANT SIZE    =   ----    ----
   XDATA SIZE       =   ----    ----
   PDATA SIZE       =   ----    ----
   DATA SIZE        =      1    ----
C51 COMPILER V9.60.7.0   MIAN                                                              09/22/2024 18:57:35 PAGE 2   

   IDATA SIZE       =   ----    ----
   BIT SIZE         =   ----    ----
END OF MODULE INFORMATION.


C51 COMPILATION COMPLETE.  0 WARNING(S),  0 ERROR(S)
